[INFO]2022-06-24 15:55:33,208 - Starting PlsApplication using Java 1.8.0_312 on DESKTOP-NQNJDGK with PID 13660 (D:\eclipse-workspace\pls\target\classes started by dym in D:\eclipse-workspace\pls)
[INFO]2022-06-24 15:55:33,208 - No active profile set, falling back to 1 default profile: "default"
[INFO]2022-06-24 15:55:33,255 - Devtools property defaults active! Set 'spring.devtools.add-properties' to 'false' to disable
[INFO]2022-06-24 15:55:33,255 - For additional web related logging consider setting the 'logging.level.web' property to 'DEBUG'
[WARN]2022-06-24 15:55:34,232 - No MyBatis mapper was found in '[com.cqu.pls]' package. Please check your configuration.
[INFO]2022-06-24 15:55:34,560 - Tomcat initialized with port(s): 8080 (http)
[INFO]2022-06-24 15:55:34,576 - Initializing ProtocolHandler ["http-nio-8080"]
[INFO]2022-06-24 15:55:34,576 - Starting service [Tomcat]
[INFO]2022-06-24 15:55:34,576 - Starting Servlet engine: [Apache Tomcat/9.0.64]
[INFO]2022-06-24 15:55:34,623 - Initializing Spring embedded WebApplicationContext
[INFO]2022-06-24 15:55:34,623 - Root WebApplicationContext: initialization completed in 1368 ms
[WARN]2022-06-24 15:55:34,670 - Exception encountered during context initialization - cancelling refresh attempt: org.springframework.beans.factory.BeanCreationException: Error creating bean with name 'addressinfoController': Injection of resource dependencies failed; nested exception is org.springframework.beans.factory.BeanCreationException: Error creating bean with name 'addressinfoService': Injection of resource dependencies failed; nested exception is org.springframework.beans.factory.NoSuchBeanDefinitionException: No qualifying bean of type 'com.cqu.pls.dao.AddressinfoDao' available: expected at least 1 bean which qualifies as autowire candidate. Dependency annotations: {@javax.annotation.Resource(shareable=true, lookup=, name=, description=, authenticationType=CONTAINER, type=class java.lang.Object, mappedName=)}
[INFO]2022-06-24 15:55:34,670 - Stopping service [Tomcat]
[ERROR]2022-06-24 15:55:34,717 - 

***************************
APPLICATION FAILED TO START
***************************

Description:

A component required a bean of type 'com.cqu.pls.dao.AddressinfoDao' that could not be found.


Action:

Consider defining a bean of type 'com.cqu.pls.dao.AddressinfoDao' in your configuration.

[INFO]2022-06-24 16:52:10,429 - Starting PlsApplication using Java 1.8.0_312 on DESKTOP-NQNJDGK with PID 7136 (D:\eclipse-workspace\pls\target\classes started by dym in D:\eclipse-workspace\pls)
[INFO]2022-06-24 16:52:10,429 - No active profile set, falling back to 1 default profile: "default"
[INFO]2022-06-24 16:52:10,476 - Devtools property defaults active! Set 'spring.devtools.add-properties' to 'false' to disable
[INFO]2022-06-24 16:52:10,476 - For additional web related logging consider setting the 'logging.level.web' property to 'DEBUG'
[INFO]2022-06-24 16:52:11,397 - Tomcat initialized with port(s): 8080 (http)
[INFO]2022-06-24 16:52:11,397 - Initializing ProtocolHandler ["http-nio-8080"]
[INFO]2022-06-24 16:52:11,397 - Starting service [Tomcat]
[INFO]2022-06-24 16:52:11,397 - Starting Servlet engine: [Apache Tomcat/9.0.64]
[INFO]2022-06-24 16:52:11,444 - Initializing Spring embedded WebApplicationContext
[INFO]2022-06-24 16:52:11,444 - Root WebApplicationContext: initialization completed in 968 ms
[INFO]2022-06-24 16:52:12,163 - LiveReload server is running on port 35729
[INFO]2022-06-24 16:52:12,178 - Starting ProtocolHandler ["http-nio-8080"]
[INFO]2022-06-24 16:52:12,194 - Tomcat started on port(s): 8080 (http) with context path ''
[INFO]2022-06-24 16:52:12,209 - Started PlsApplication in 2.14 seconds (JVM running for 2.866)
[INFO]2022-06-24 16:52:27,275 - Initializing Spring DispatcherServlet 'dispatcherServlet'
[INFO]2022-06-24 16:52:27,275 - Initializing Servlet 'dispatcherServlet'
[INFO]2022-06-24 16:52:27,276 - Completed initialization in 1 ms
[INFO]2022-06-24 16:55:53,518 - Starting PlsApplication using Java 1.8.0_312 on DESKTOP-NQNJDGK with PID 11176 (D:\eclipse-workspace\pls\target\classes started by dym in D:\eclipse-workspace\pls)
[INFO]2022-06-24 16:55:53,518 - No active profile set, falling back to 1 default profile: "default"
[INFO]2022-06-24 16:55:53,564 - Devtools property defaults active! Set 'spring.devtools.add-properties' to 'false' to disable
[INFO]2022-06-24 16:55:53,564 - For additional web related logging consider setting the 'logging.level.web' property to 'DEBUG'
[INFO]2022-06-24 16:55:54,502 - Tomcat initialized with port(s): 8080 (http)
[INFO]2022-06-24 16:55:54,517 - Initializing ProtocolHandler ["http-nio-8080"]
[INFO]2022-06-24 16:55:54,517 - Starting service [Tomcat]
[INFO]2022-06-24 16:55:54,517 - Starting Servlet engine: [Apache Tomcat/9.0.64]
[INFO]2022-06-24 16:55:54,564 - Initializing Spring embedded WebApplicationContext
[INFO]2022-06-24 16:55:54,564 - Root WebApplicationContext: initialization completed in 1000 ms
[INFO]2022-06-24 16:55:55,286 - LiveReload server is running on port 35729
[INFO]2022-06-24 16:55:55,302 - Starting ProtocolHandler ["http-nio-8080"]
[INFO]2022-06-24 16:55:55,316 - Tomcat started on port(s): 8080 (http) with context path ''
[INFO]2022-06-24 16:55:55,336 - Started PlsApplication in 2.185 seconds (JVM running for 2.934)
[INFO]2022-06-24 16:56:00,647 - Initializing Spring DispatcherServlet 'dispatcherServlet'
[INFO]2022-06-24 16:56:00,647 - Initializing Servlet 'dispatcherServlet'
[INFO]2022-06-24 16:56:00,648 - Completed initialization in 1 ms
[INFO]2022-06-24 16:56:00,688 - HikariPool-1 - Starting...
[INFO]2022-06-24 16:56:01,175 - HikariPool-1 - Start completed.
[INFO]2022-06-24 17:02:50,343 - HikariPool-1 - Shutdown initiated...
[INFO]2022-06-24 17:02:50,343 - HikariPool-1 - Shutdown completed.
